app/build/intermediates/manifest_merge_blame_file/debug/manifest-merger-blame-debug-report.txt
1<?xml version="1.0" encoding="utf-8"?>
2<manifest xmlns:android="http://schemas.android.com/apk/res/android"
3    package="com.example.classdream"
4    android:versionCode="1"
5    android:versionName="1.0" >
6
7    <uses-sdk
8        android:minSdkVersion="23"
8-->src\main\AndroidManifest.xml
9        android:targetSdkVersion="28" />
9-->src\main\AndroidManifest.xml
10
11    <uses-permission android:name="android.permission.INTERNET" />
11-->src\main\AndroidManifest.xml:6:5-67
11-->src\main\AndroidManifest.xml:6:22-64
12    <uses-permission android:name="android.permission.READ_EXTERNAL_STORAGE" />
12-->src\main\AndroidManifest.xml:7:5-80
12-->src\main\AndroidManifest.xml:7:22-77
13    <uses-permission android:name="android.permission.WRITE_INTERNAL_STORAGE" />
13-->src\main\AndroidManifest.xml:8:5-81
13-->src\main\AndroidManifest.xml:8:22-78
14    <uses-permission android:name="android.permission.ACCESS_NETWORK_STATE" />
14-->src\main\AndroidManifest.xml:9:5-79
14-->src\main\AndroidManifest.xml:9:22-76
15    <uses-permission android:name="android.permission.CAMERA" />
15-->src\main\AndroidManifest.xml:10:5-65
15-->src\main\AndroidManifest.xml:10:22-62
16
17    <!-- Create a unique permission for your app and use it so only your app can receive your OneSignal messages. -->
18    <permission
18-->[com.onesignal:OneSignal:3.11.2] AndroidManifest.xml:7:5-9:47
19        android:name="com.example.classdream.permission.C2D_MESSAGE"
19-->[com.onesignal:OneSignal:3.11.2] AndroidManifest.xml:8:9-63
20        android:protectionLevel="signature" />
20-->[com.onesignal:OneSignal:3.11.2] AndroidManifest.xml:9:9-44
21
22    <uses-permission android:name="com.example.classdream.permission.C2D_MESSAGE" />
22-->[com.onesignal:OneSignal:3.11.2] AndroidManifest.xml:11:5-79
22-->[com.onesignal:OneSignal:3.11.2] AndroidManifest.xml:11:22-76
23    <uses-permission android:name="com.google.android.c2dm.permission.RECEIVE" /> <!-- Required, makes sure notifications are delivered on time. -->
23-->[com.onesignal:OneSignal:3.11.2] AndroidManifest.xml:17:5-82
23-->[com.onesignal:OneSignal:3.11.2] AndroidManifest.xml:17:22-79
24    <uses-permission android:name="android.permission.WAKE_LOCK" />
24-->[com.onesignal:OneSignal:3.11.2] AndroidManifest.xml:18:5-68
24-->[com.onesignal:OneSignal:3.11.2] AndroidManifest.xml:18:22-65
25    <!--
26 Required so the device vibrates on receiving a push notification.
27         Vibration settings of the device still apply.
28    -->
29    <uses-permission android:name="android.permission.VIBRATE" />
29-->[com.onesignal:OneSignal:3.11.2] AndroidManifest.xml:23:5-66
29-->[com.onesignal:OneSignal:3.11.2] AndroidManifest.xml:23:22-63
30    <!--
31 Use to restore notifications the user hasn't interacted with.
32         They could be missed notifications if the user reboots their device if this isn't in place.
33    -->
34    <uses-permission android:name="android.permission.RECEIVE_BOOT_COMPLETED" /> <!-- START: ShortcutBadger -->
34-->[com.onesignal:OneSignal:3.11.2] AndroidManifest.xml:29:5-81
34-->[com.onesignal:OneSignal:3.11.2] AndroidManifest.xml:29:22-78
35    <!-- Samsung -->
36    <uses-permission android:name="com.sec.android.provider.badge.permission.READ" />
36-->[com.onesignal:OneSignal:3.11.2] AndroidManifest.xml:31:5-86
36-->[com.onesignal:OneSignal:3.11.2] AndroidManifest.xml:31:22-83
37    <uses-permission android:name="com.sec.android.provider.badge.permission.WRITE" /> <!-- HTC -->
37-->[com.onesignal:OneSignal:3.11.2] AndroidManifest.xml:32:5-87
37-->[com.onesignal:OneSignal:3.11.2] AndroidManifest.xml:32:22-84
38    <uses-permission android:name="com.htc.launcher.permission.READ_SETTINGS" />
38-->[com.onesignal:OneSignal:3.11.2] AndroidManifest.xml:33:5-81
38-->[com.onesignal:OneSignal:3.11.2] AndroidManifest.xml:33:22-78
39    <uses-permission android:name="com.htc.launcher.permission.UPDATE_SHORTCUT" /> <!-- Sony -->
39-->[com.onesignal:OneSignal:3.11.2] AndroidManifest.xml:34:5-83
39-->[com.onesignal:OneSignal:3.11.2] AndroidManifest.xml:34:22-80
40    <uses-permission android:name="com.sonyericsson.home.permission.BROADCAST_BADGE" />
40-->[com.onesignal:OneSignal:3.11.2] AndroidManifest.xml:35:5-88
40-->[com.onesignal:OneSignal:3.11.2] AndroidManifest.xml:35:22-85
41    <uses-permission android:name="com.sonymobile.home.permission.PROVIDER_INSERT_BADGE" /> <!-- Apex -->
41-->[com.onesignal:OneSignal:3.11.2] AndroidManifest.xml:36:5-92
41-->[com.onesignal:OneSignal:3.11.2] AndroidManifest.xml:36:22-89
42    <uses-permission android:name="com.anddoes.launcher.permission.UPDATE_COUNT" /> <!-- Solid -->
42-->[com.onesignal:OneSignal:3.11.2] AndroidManifest.xml:37:5-84
42-->[com.onesignal:OneSignal:3.11.2] AndroidManifest.xml:37:22-81
43    <uses-permission android:name="com.majeur.launcher.permission.UPDATE_BADGE" /> <!-- Huawei -->
43-->[com.onesignal:OneSignal:3.11.2] AndroidManifest.xml:38:5-83
43-->[com.onesignal:OneSignal:3.11.2] AndroidManifest.xml:38:22-80
44    <uses-permission android:name="com.huawei.android.launcher.permission.CHANGE_BADGE" />
44-->[com.onesignal:OneSignal:3.11.2] AndroidManifest.xml:39:5-91
44-->[com.onesignal:OneSignal:3.11.2] AndroidManifest.xml:39:22-88
45    <uses-permission android:name="com.huawei.android.launcher.permission.READ_SETTINGS" />
45-->[com.onesignal:OneSignal:3.11.2] AndroidManifest.xml:40:5-92
45-->[com.onesignal:OneSignal:3.11.2] AndroidManifest.xml:40:22-89
46    <uses-permission android:name="com.huawei.android.launcher.permission.WRITE_SETTINGS" /> <!-- ZUK -->
46-->[com.onesignal:OneSignal:3.11.2] AndroidManifest.xml:41:5-93
46-->[com.onesignal:OneSignal:3.11.2] AndroidManifest.xml:41:22-90
47    <uses-permission android:name="android.permission.READ_APP_BADGE" /> <!-- OPPO -->
47-->[com.onesignal:OneSignal:3.11.2] AndroidManifest.xml:42:5-73
47-->[com.onesignal:OneSignal:3.11.2] AndroidManifest.xml:42:22-70
48    <uses-permission android:name="com.oppo.launcher.permission.READ_SETTINGS" />
48-->[com.onesignal:OneSignal:3.11.2] AndroidManifest.xml:43:5-82
48-->[com.onesignal:OneSignal:3.11.2] AndroidManifest.xml:43:22-79
49    <uses-permission android:name="com.oppo.launcher.permission.WRITE_SETTINGS" /> <!-- EvMe -->
49-->[com.onesignal:OneSignal:3.11.2] AndroidManifest.xml:44:5-83
49-->[com.onesignal:OneSignal:3.11.2] AndroidManifest.xml:44:22-80
50    <uses-permission android:name="me.everything.badger.permission.BADGE_COUNT_READ" />
50-->[com.onesignal:OneSignal:3.11.2] AndroidManifest.xml:45:5-88
50-->[com.onesignal:OneSignal:3.11.2] AndroidManifest.xml:45:22-85
51    <uses-permission android:name="me.everything.badger.permission.BADGE_COUNT_WRITE" />
51-->[com.onesignal:OneSignal:3.11.2] AndroidManifest.xml:46:5-89
51-->[com.onesignal:OneSignal:3.11.2] AndroidManifest.xml:46:22-86
52
53    <application
53-->src\main\AndroidManifest.xml:12:5-171:19
54        android:name="com.example.classdream.OneSignalClass"
54-->src\main\AndroidManifest.xml:13:9-39
55        android:allowBackup="true"
55-->src\main\AndroidManifest.xml:14:9-35
56        android:appComponentFactory="android.support.v4.app.CoreComponentFactory"
56-->[com.android.support:support-compat:28.0.0] AndroidManifest.xml:22:18-91
57        android:debuggable="true"
58        android:icon="@mipmap/ic_launcher"
58-->src\main\AndroidManifest.xml:15:9-43
59        android:label="@string/app_name"
59-->src\main\AndroidManifest.xml:16:9-41
60        android:roundIcon="@mipmap/ic_launcher_round"
60-->src\main\AndroidManifest.xml:17:9-54
61        android:supportsRtl="true"
61-->src\main\AndroidManifest.xml:18:9-35
62        android:theme="@style/AppTheme" >
62-->src\main\AndroidManifest.xml:19:9-40
63        <activity
63-->src\main\AndroidManifest.xml:21:9-24:66
64            android:name="com.example.classdream.Update_User_Profile"
64-->src\main\AndroidManifest.xml:22:13-48
65            android:screenOrientation="portrait"
65-->src\main\AndroidManifest.xml:23:13-49
66            android:theme="@style/Theme.AppCompat.NoActionBar" />
66-->src\main\AndroidManifest.xml:24:13-63
67        <activity
67-->src\main\AndroidManifest.xml:26:9-28:75
68            android:name="com.example.classdream.Profile"
68-->src\main\AndroidManifest.xml:26:19-42
69            android:screenOrientation="portrait"
69-->src\main\AndroidManifest.xml:27:13-49
70            android:theme="@style/Theme.AppCompat.NoActionBar" />
70-->src\main\AndroidManifest.xml:28:13-63
71        <activity
71-->src\main\AndroidManifest.xml:29:9-32:66
72            android:name="com.example.classdream.Assigment_Submit_Detail"
72-->src\main\AndroidManifest.xml:30:13-52
73            android:screenOrientation="portrait"
73-->src\main\AndroidManifest.xml:31:13-49
74            android:theme="@style/Theme.AppCompat.NoActionBar" />
74-->src\main\AndroidManifest.xml:32:13-63
75        <activity
75-->src\main\AndroidManifest.xml:33:9-36:66
76            android:name="com.example.classdream.Forget_password"
76-->src\main\AndroidManifest.xml:34:13-44
77            android:screenOrientation="portrait"
77-->src\main\AndroidManifest.xml:35:13-49
78            android:theme="@style/Theme.AppCompat.NoActionBar" />
78-->src\main\AndroidManifest.xml:36:13-63
79        <activity
79-->src\main\AndroidManifest.xml:37:9-40:66
80            android:name="com.example.classdream.teacher_assigment_page"
80-->src\main\AndroidManifest.xml:38:13-51
81            android:screenOrientation="portrait"
81-->src\main\AndroidManifest.xml:39:13-49
82            android:theme="@style/Theme.AppCompat.NoActionBar" />
82-->src\main\AndroidManifest.xml:40:13-63
83        <activity
83-->src\main\AndroidManifest.xml:41:9-44:66
84            android:name="com.example.classdream.Assigment_Student_Submit"
84-->src\main\AndroidManifest.xml:42:13-53
85            android:screenOrientation="portrait"
85-->src\main\AndroidManifest.xml:43:13-49
86            android:theme="@style/Theme.AppCompat.NoActionBar" />
86-->src\main\AndroidManifest.xml:44:13-63
87        <activity
87-->src\main\AndroidManifest.xml:45:9-48:66
88            android:name="com.example.classdream.Assigment_Submission_Detail"
88-->src\main\AndroidManifest.xml:46:13-56
89            android:screenOrientation="portrait"
89-->src\main\AndroidManifest.xml:47:13-49
90            android:theme="@style/Theme.AppCompat.NoActionBar" />
90-->src\main\AndroidManifest.xml:48:13-63
91        <activity
91-->src\main\AndroidManifest.xml:49:9-52:66
92            android:name="com.example.classdream.Assigments_Upload"
92-->src\main\AndroidManifest.xml:50:13-46
93            android:screenOrientation="portrait"
93-->src\main\AndroidManifest.xml:51:13-49
94            android:theme="@style/Theme.AppCompat.NoActionBar" />
94-->src\main\AndroidManifest.xml:52:13-63
95        <activity
95-->src\main\AndroidManifest.xml:53:9-56:66
96            android:name="com.example.classdream.Assigment_Part2"
96-->src\main\AndroidManifest.xml:54:13-44
97            android:screenOrientation="portrait"
97-->src\main\AndroidManifest.xml:55:13-49
98            android:theme="@style/Theme.AppCompat.NoActionBar" />
98-->src\main\AndroidManifest.xml:56:13-63
99        <activity
99-->src\main\AndroidManifest.xml:57:9-60:66
100            android:name="com.example.classdream.CopyLeaksLibrary"
100-->src\main\AndroidManifest.xml:58:13-45
101            android:screenOrientation="portrait"
101-->src\main\AndroidManifest.xml:59:13-49
102            android:theme="@style/Theme.AppCompat.NoActionBar" />
102-->src\main\AndroidManifest.xml:60:13-63
103        <activity
103-->src\main\AndroidManifest.xml:61:9-64:66
104            android:name="com.example.classdream.Material_Document_View"
104-->src\main\AndroidManifest.xml:62:13-51
105            android:screenOrientation="portrait"
105-->src\main\AndroidManifest.xml:63:13-49
106            android:theme="@style/Theme.AppCompat.NoActionBar" />
106-->src\main\AndroidManifest.xml:64:13-63
107        <activity
107-->src\main\AndroidManifest.xml:65:9-68:66
108            android:name="com.example.classdream.Assigment_Main"
108-->src\main\AndroidManifest.xml:66:13-43
109            android:screenOrientation="portrait"
109-->src\main\AndroidManifest.xml:67:13-49
110            android:theme="@style/Theme.AppCompat.NoActionBar" />
110-->src\main\AndroidManifest.xml:68:13-63
111        <activity
111-->src\main\AndroidManifest.xml:69:9-72:66
112            android:name="com.example.classdream.Material_Main"
112-->src\main\AndroidManifest.xml:70:13-42
113            android:screenOrientation="portrait"
113-->src\main\AndroidManifest.xml:71:13-49
114            android:theme="@style/Theme.AppCompat.NoActionBar" />
114-->src\main\AndroidManifest.xml:72:13-63
115        <activity
115-->src\main\AndroidManifest.xml:73:9-76:66
116            android:name="com.example.classdream.Member_CLASS"
116-->src\main\AndroidManifest.xml:74:13-41
117            android:screenOrientation="portrait"
117-->src\main\AndroidManifest.xml:75:13-49
118            android:theme="@style/Theme.AppCompat.NoActionBar" />
118-->src\main\AndroidManifest.xml:76:13-63
119        <activity
119-->src\main\AndroidManifest.xml:77:9-80:66
120            android:name="com.example.classdream.FULL_VIEW"
120-->src\main\AndroidManifest.xml:78:13-38
121            android:screenOrientation="portrait"
121-->src\main\AndroidManifest.xml:79:13-49
122            android:theme="@style/Theme.AppCompat.NoActionBar" />
122-->src\main\AndroidManifest.xml:80:13-63
123        <activity
123-->src\main\AndroidManifest.xml:81:9-84:66
124            android:name="com.example.classdream.User_Detail"
124-->src\main\AndroidManifest.xml:82:13-40
125            android:screenOrientation="portrait"
125-->src\main\AndroidManifest.xml:83:13-49
126            android:theme="@style/Theme.AppCompat.NoActionBar" />
126-->src\main\AndroidManifest.xml:84:13-63
127        <activity
127-->src\main\AndroidManifest.xml:85:9-89:42
128            android:name="com.example.classdream.Main2Activity"
128-->src\main\AndroidManifest.xml:86:13-42
129            android:label="Home"
129-->src\main\AndroidManifest.xml:87:13-33
130            android:screenOrientation="portrait"
130-->src\main\AndroidManifest.xml:88:13-49
131            android:theme="@style/the" />
131-->src\main\AndroidManifest.xml:89:13-39
132        <activity
132-->src\main\AndroidManifest.xml:90:9-93:66
133            android:name="com.example.classdream.Member"
133-->src\main\AndroidManifest.xml:91:13-35
134            android:screenOrientation="portrait"
134-->src\main\AndroidManifest.xml:92:13-49
135            android:theme="@style/Theme.AppCompat.NoActionBar" />
135-->src\main\AndroidManifest.xml:93:13-63
136        <activity
136-->src\main\AndroidManifest.xml:94:9-97:66
137            android:name="com.example.classdream.Class_Home"
137-->src\main\AndroidManifest.xml:95:13-39
138            android:screenOrientation="portrait"
138-->src\main\AndroidManifest.xml:96:13-49
139            android:theme="@style/Theme.AppCompat.NoActionBar" />
139-->src\main\AndroidManifest.xml:97:13-63
140        <activity
140-->src\main\AndroidManifest.xml:98:9-101:66
141            android:name="com.example.classdream.ChatActivity"
141-->src\main\AndroidManifest.xml:99:13-41
142            android:screenOrientation="portrait"
142-->src\main\AndroidManifest.xml:100:13-49
143            android:theme="@style/Theme.AppCompat.NoActionBar" />
143-->src\main\AndroidManifest.xml:101:13-63
144        <activity
144-->src\main\AndroidManifest.xml:102:9-105:66
145            android:name="com.example.classdream.Class_Home_STUDENT"
145-->src\main\AndroidManifest.xml:103:13-47
146            android:screenOrientation="portrait"
146-->src\main\AndroidManifest.xml:104:13-49
147            android:theme="@style/Theme.AppCompat.NoActionBar" />
147-->src\main\AndroidManifest.xml:105:13-63
148        <activity
148-->src\main\AndroidManifest.xml:107:9-110:66
149            android:name="com.example.classdream.dictionary"
149-->src\main\AndroidManifest.xml:108:13-39
150            android:screenOrientation="portrait"
150-->src\main\AndroidManifest.xml:109:13-49
151            android:theme="@style/Theme.AppCompat.NoActionBar" />
151-->src\main\AndroidManifest.xml:110:13-63
152        <activity
152-->src\main\AndroidManifest.xml:111:9-114:66
153            android:name="com.example.classdream.Mainact"
153-->src\main\AndroidManifest.xml:112:13-36
154            android:screenOrientation="portrait"
154-->src\main\AndroidManifest.xml:113:13-49
155            android:theme="@style/Theme.AppCompat.NoActionBar" />
155-->src\main\AndroidManifest.xml:114:13-63
156        <activity
156-->src\main\AndroidManifest.xml:115:9-118:66
157            android:name="com.example.classdream.UnitCoverter"
157-->src\main\AndroidManifest.xml:116:13-41
158            android:screenOrientation="portrait"
158-->src\main\AndroidManifest.xml:117:13-49
159            android:theme="@style/Theme.AppCompat.NoActionBar" />
159-->src\main\AndroidManifest.xml:118:13-63
160        <activity
160-->src\main\AndroidManifest.xml:119:9-122:66
161            android:name="com.example.classdream.StandardCal"
161-->src\main\AndroidManifest.xml:120:13-40
162            android:screenOrientation="portrait"
162-->src\main\AndroidManifest.xml:121:13-49
163            android:theme="@style/Theme.AppCompat.NoActionBar" />
163-->src\main\AndroidManifest.xml:122:13-63
164        <activity
164-->src\main\AndroidManifest.xml:123:9-126:66
165            android:name="com.example.classdream.ScientificCal"
165-->src\main\AndroidManifest.xml:124:13-42
166            android:screenOrientation="portrait"
166-->src\main\AndroidManifest.xml:125:13-49
167            android:theme="@style/Theme.AppCompat.NoActionBar" />
167-->src\main\AndroidManifest.xml:126:13-63
168        <activity
168-->src\main\AndroidManifest.xml:127:9-130:66
169            android:name="com.example.classdream.UnitTemperature"
169-->src\main\AndroidManifest.xml:128:13-44
170            android:screenOrientation="portrait"
170-->src\main\AndroidManifest.xml:129:13-49
171            android:theme="@style/Theme.AppCompat.NoActionBar" />
171-->src\main\AndroidManifest.xml:130:13-63
172        <activity
172-->src\main\AndroidManifest.xml:131:9-134:66
173            android:name="com.example.classdream.UnitWeight"
173-->src\main\AndroidManifest.xml:132:13-39
174            android:screenOrientation="portrait"
174-->src\main\AndroidManifest.xml:133:13-49
175            android:theme="@style/Theme.AppCompat.NoActionBar" />
175-->src\main\AndroidManifest.xml:134:13-63
176        <activity
176-->src\main\AndroidManifest.xml:136:9-139:66
177            android:name="com.example.classdream.UnitLength"
177-->src\main\AndroidManifest.xml:137:13-39
178            android:screenOrientation="portrait"
178-->src\main\AndroidManifest.xml:138:13-49
179            android:theme="@style/Theme.AppCompat.NoActionBar" />
179-->src\main\AndroidManifest.xml:139:13-63
180        <activity
180-->src\main\AndroidManifest.xml:140:9-143:66
181            android:name="com.example.classdream.UnitArea"
181-->src\main\AndroidManifest.xml:141:13-37
182            android:screenOrientation="portrait"
182-->src\main\AndroidManifest.xml:142:13-49
183            android:theme="@style/Theme.AppCompat.NoActionBar" />
183-->src\main\AndroidManifest.xml:143:13-63
184        <activity
184-->src\main\AndroidManifest.xml:144:9-147:66
185            android:name="com.example.classdream.History"
185-->src\main\AndroidManifest.xml:145:13-36
186            android:screenOrientation="portrait"
186-->src\main\AndroidManifest.xml:146:13-49
187            android:theme="@style/Theme.AppCompat.NoActionBar" />
187-->src\main\AndroidManifest.xml:147:13-63
188        <activity
188-->src\main\AndroidManifest.xml:148:9-152:42
189            android:name="com.example.classdream.classroom"
189-->src\main\AndroidManifest.xml:149:13-38
190            android:label="Class Room"
190-->src\main\AndroidManifest.xml:150:13-39
191            android:screenOrientation="portrait"
191-->src\main\AndroidManifest.xml:151:13-49
192            android:theme="@style/the" />
192-->src\main\AndroidManifest.xml:152:13-39
193        <activity
193-->src\main\AndroidManifest.xml:153:9-156:66
194            android:name="com.example.classdream.calculator"
194-->src\main\AndroidManifest.xml:154:13-39
195            android:screenOrientation="portrait"
195-->src\main\AndroidManifest.xml:155:13-49
196            android:theme="@style/Theme.AppCompat.NoActionBar" />
196-->src\main\AndroidManifest.xml:156:13-63
197        <activity
197-->src\main\AndroidManifest.xml:157:9-160:48
198            android:name="com.example.classdream.LoginActivity_login"
198-->src\main\AndroidManifest.xml:158:13-48
199            android:screenOrientation="portrait"
199-->src\main\AndroidManifest.xml:159:13-49
200            android:theme="@style/AppTheme1" />
200-->src\main\AndroidManifest.xml:160:13-45
201        <activity
201-->src\main\AndroidManifest.xml:161:9-170:20
202            android:name="com.example.classdream.SplashScreen"
202-->src\main\AndroidManifest.xml:162:13-41
203            android:screenOrientation="portrait"
203-->src\main\AndroidManifest.xml:163:13-49
204            android:theme="@style/the" >
204-->src\main\AndroidManifest.xml:164:13-39
205            <intent-filter>
205-->src\main\AndroidManifest.xml:165:13-169:29
206                <action android:name="android.intent.action.MAIN" />
206-->src\main\AndroidManifest.xml:166:17-69
206-->src\main\AndroidManifest.xml:166:25-66
207
208                <category android:name="android.intent.category.LAUNCHER" />
208-->src\main\AndroidManifest.xml:168:17-77
208-->src\main\AndroidManifest.xml:168:27-74
209            </intent-filter>
210        </activity>
211        <activity
211-->[com.google.firebase:firebase-auth:16.0.5] AndroidManifest.xml:24:9-31:50
212            android:name="com.google.firebase.auth.internal.FederatedSignInActivity"
212-->[com.google.firebase:firebase-auth:16.0.5] AndroidManifest.xml:25:13-85
213            android:excludeFromRecents="true"
213-->[com.google.firebase:firebase-auth:16.0.5] AndroidManifest.xml:26:13-46
214            android:exported="true"
214-->[com.google.firebase:firebase-auth:16.0.5] AndroidManifest.xml:27:13-36
215            android:launchMode="singleTask"
215-->[com.google.firebase:firebase-auth:16.0.5] AndroidManifest.xml:28:13-44
216            android:permission="com.google.firebase.auth.api.gms.permission.LAUNCH_FEDERATED_SIGN_IN"
216-->[com.google.firebase:firebase-auth:16.0.5] AndroidManifest.xml:29:13-102
217            android:theme="@android:style/Theme.Translucent.NoTitleBar" />
217-->[com.google.firebase:firebase-auth:16.0.5] AndroidManifest.xml:30:13-72
218
219        <service
219-->[com.google.firebase:firebase-auth:16.0.5] AndroidManifest.xml:33:9-39:19
220            android:name="com.google.firebase.components.ComponentDiscoveryService"
220-->[com.google.firebase:firebase-auth:16.0.5] AndroidManifest.xml:34:13-84
221            android:exported="false" >
221-->[com.google.firebase:firebase-auth:16.0.5] AndroidManifest.xml:35:13-37
222            <meta-data
222-->[com.google.firebase:firebase-auth:16.0.5] AndroidManifest.xml:36:13-38:85
223                android:name="com.google.firebase.components:com.google.firebase.auth.FirebaseAuthRegistrar"
223-->[com.google.firebase:firebase-auth:16.0.5] AndroidManifest.xml:37:17-109
224                android:value="com.google.firebase.components.ComponentRegistrar" />
224-->[com.google.firebase:firebase-auth:16.0.5] AndroidManifest.xml:38:17-82
225            <meta-data
225-->[com.google.firebase:firebase-iid:17.0.4] AndroidManifest.xml:32:13-34:85
226                android:name="com.google.firebase.components:com.google.firebase.iid.Registrar"
226-->[com.google.firebase:firebase-iid:17.0.4] AndroidManifest.xml:33:17-96
227                android:value="com.google.firebase.components.ComponentRegistrar" />
227-->[com.google.firebase:firebase-iid:17.0.4] AndroidManifest.xml:34:17-82
228        </service>
229
230        <meta-data
230-->[com.onesignal:OneSignal:3.11.2] AndroidManifest.xml:49:9-51:51
231            android:name="onesignal_app_id"
231-->[com.onesignal:OneSignal:3.11.2] AndroidManifest.xml:50:13-44
232            android:value="6c885c61-d17c-49c4-9757-528033564674" /> <!-- Deprecated - Pulled from OneSignal dashboard. -->
232-->[com.onesignal:OneSignal:3.11.2] AndroidManifest.xml:51:13-48
233        <meta-data
233-->[com.onesignal:OneSignal:3.11.2] AndroidManifest.xml:53:9-55:70
234            android:name="onesignal_google_project_number"
234-->[com.onesignal:OneSignal:3.11.2] AndroidManifest.xml:54:13-59
235            android:value="str:REMOTE" />
235-->[com.onesignal:OneSignal:3.11.2] AndroidManifest.xml:55:13-67
236
237        <receiver
237-->[com.onesignal:OneSignal:3.11.2] AndroidManifest.xml:57:9-67:20
238            android:name="com.onesignal.GcmBroadcastReceiver"
238-->[com.onesignal:OneSignal:3.11.2] AndroidManifest.xml:58:13-62
239            android:permission="com.google.android.c2dm.permission.SEND" >
239-->[com.onesignal:OneSignal:3.11.2] AndroidManifest.xml:59:13-73
240
241            <!-- High priority so OneSignal payloads can be filtered from other GCM receivers if filterOtherGCMReceivers is enabled. -->
242            <intent-filter android:priority="999" >
242-->[com.onesignal:OneSignal:3.11.2] AndroidManifest.xml:62:13-66:29
242-->[com.onesignal:OneSignal:3.11.2] AndroidManifest.xml:62:28-50
243                <action android:name="com.google.android.c2dm.intent.RECEIVE" />
243-->[com.onesignal:OneSignal:3.11.2] AndroidManifest.xml:63:17-81
243-->[com.onesignal:OneSignal:3.11.2] AndroidManifest.xml:63:25-78
244
245                <category android:name="com.example.classdream" />
245-->[com.onesignal:OneSignal:3.11.2] AndroidManifest.xml:65:17-61
245-->[com.onesignal:OneSignal:3.11.2] AndroidManifest.xml:65:27-58
246            </intent-filter>
247        </receiver>
248        <receiver android:name="com.onesignal.NotificationOpenedReceiver" />
248-->[com.onesignal:OneSignal:3.11.2] AndroidManifest.xml:68:9-77
248-->[com.onesignal:OneSignal:3.11.2] AndroidManifest.xml:68:19-74
249
250        <service android:name="com.onesignal.GcmIntentService" />
250-->[com.onesignal:OneSignal:3.11.2] AndroidManifest.xml:70:9-66
250-->[com.onesignal:OneSignal:3.11.2] AndroidManifest.xml:70:18-63
251        <service
251-->[com.onesignal:OneSignal:3.11.2] AndroidManifest.xml:71:9-73:72
252            android:name="com.onesignal.GcmIntentJobService"
252-->[com.onesignal:OneSignal:3.11.2] AndroidManifest.xml:72:13-61
253            android:permission="android.permission.BIND_JOB_SERVICE" />
253-->[com.onesignal:OneSignal:3.11.2] AndroidManifest.xml:73:13-69
254        <service
254-->[com.onesignal:OneSignal:3.11.2] AndroidManifest.xml:74:9-76:72
255            android:name="com.onesignal.RestoreJobService"
255-->[com.onesignal:OneSignal:3.11.2] AndroidManifest.xml:75:13-59
256            android:permission="android.permission.BIND_JOB_SERVICE" />
256-->[com.onesignal:OneSignal:3.11.2] AndroidManifest.xml:76:13-69
257        <service
257-->[com.onesignal:OneSignal:3.11.2] AndroidManifest.xml:77:9-79:72
258            android:name="com.onesignal.RestoreKickoffJobService"
258-->[com.onesignal:OneSignal:3.11.2] AndroidManifest.xml:78:13-66
259            android:permission="android.permission.BIND_JOB_SERVICE" />
259-->[com.onesignal:OneSignal:3.11.2] AndroidManifest.xml:79:13-69
260        <service
260-->[com.onesignal:OneSignal:3.11.2] AndroidManifest.xml:80:9-82:43
261            android:name="com.onesignal.SyncService"
261-->[com.onesignal:OneSignal:3.11.2] AndroidManifest.xml:81:13-53
262            android:stopWithTask="true" />
262-->[com.onesignal:OneSignal:3.11.2] AndroidManifest.xml:82:13-40
263        <service
263-->[com.onesignal:OneSignal:3.11.2] AndroidManifest.xml:83:9-85:72
264            android:name="com.onesignal.SyncJobService"
264-->[com.onesignal:OneSignal:3.11.2] AndroidManifest.xml:84:13-56
265            android:permission="android.permission.BIND_JOB_SERVICE" />
265-->[com.onesignal:OneSignal:3.11.2] AndroidManifest.xml:85:13-69
266
267        <activity
267-->[com.onesignal:OneSignal:3.11.2] AndroidManifest.xml:87:9-89:75
268            android:name="com.onesignal.PermissionsActivity"
268-->[com.onesignal:OneSignal:3.11.2] AndroidManifest.xml:88:13-61
269            android:theme="@android:style/Theme.Translucent.NoTitleBar" />
269-->[com.onesignal:OneSignal:3.11.2] AndroidManifest.xml:89:13-72
270
271        <service android:name="com.onesignal.NotificationRestoreService" />
271-->[com.onesignal:OneSignal:3.11.2] AndroidManifest.xml:91:9-76
271-->[com.onesignal:OneSignal:3.11.2] AndroidManifest.xml:91:18-73
272
273        <receiver android:name="com.onesignal.BootUpReceiver" >
273-->[com.onesignal:OneSignal:3.11.2] AndroidManifest.xml:93:9-98:20
273-->[com.onesignal:OneSignal:3.11.2] AndroidManifest.xml:93:19-62
274            <intent-filter>
274-->[com.onesignal:OneSignal:3.11.2] AndroidManifest.xml:94:13-97:29
275                <action android:name="android.intent.action.BOOT_COMPLETED" />
275-->[com.onesignal:OneSignal:3.11.2] AndroidManifest.xml:95:17-79
275-->[com.onesignal:OneSignal:3.11.2] AndroidManifest.xml:95:25-76
276                <action android:name="android.intent.action.QUICKBOOT_POWERON" />
276-->[com.onesignal:OneSignal:3.11.2] AndroidManifest.xml:96:17-82
276-->[com.onesignal:OneSignal:3.11.2] AndroidManifest.xml:96:25-79
277            </intent-filter>
278        </receiver>
279        <receiver android:name="com.onesignal.UpgradeReceiver" >
279-->[com.onesignal:OneSignal:3.11.2] AndroidManifest.xml:99:9-103:20
279-->[com.onesignal:OneSignal:3.11.2] AndroidManifest.xml:99:19-63
280            <intent-filter>
280-->[com.onesignal:OneSignal:3.11.2] AndroidManifest.xml:100:13-102:29